2016-08-29_22:42:55.661 [main] INFO  o.s.c.s.ClassPathXmlApplicationContext - Refreshing org.springframework.context.support.ClassPathXmlApplicationContext@15975490: startup date [Mon Aug 29 22:42:55 CEST 2016]; root of context hierarchy
2016-08-29_22:42:55.692 [main] INFO  o.s.b.f.xml.XmlBeanDefinitionReader - Loading XML bean definitions from class path resource [spring.xml]
2016-08-29_22:42:55.842 [main] INFO  o.s.b.f.xml.XmlBeanDefinitionReader - Loading XML bean definitions from class path resource [springData.xml]
2016-08-29_22:42:56.078 [main] INFO  o.h.annotations.common.Version - HCANN000001: Hibernate Commons Annotations {4.0.5.Final}
2016-08-29_22:42:56.082 [main] INFO  org.hibernate.Version - HHH000412: Hibernate Core {4.3.8.Final}
2016-08-29_22:42:56.083 [main] INFO  org.hibernate.cfg.Environment - HHH000206: hibernate.properties not found
2016-08-29_22:42:56.084 [main] INFO  org.hibernate.cfg.Environment - HHH000021: Bytecode provider name : javassist
2016-08-29_22:42:56.101 [main] INFO  org.hibernate.cfg.Configuration - HHH000044: Configuring from URL: file:/home/nikko/dev/workspace/SpringHibernate/target/classes/hib.cfg.xml
2016-08-29_22:42:56.134 [main] INFO  org.hibernate.cfg.Configuration - HHH000041: Configured SessionFactory: null
2016-08-29_22:42:56.345 [main] WARN  o.h.e.jdbc.internal.JdbcServicesImpl - HHH000342: Could not obtain connection to query metadata : Cannot create PoolableConnectionFactory (Access denied for user 'root'@'localhost' (using password: YES))
2016-08-29_22:42:56.350 [main] INFO  org.hibernate.dialect.Dialect - HHH000400: Using dialect: org.hibernate.dialect.MySQLDialect
2016-08-29_22:42:56.355 [main] INFO  o.h.e.j.internal.LobCreatorBuilder - HHH000422: Disabling contextual LOB creation as connection was null
2016-08-29_22:42:56.443 [main] INFO  o.h.e.t.i.TransactionFactoryInitiator - HHH000399: Using default transaction strategy (direct JDBC transactions)
2016-08-29_22:42:56.447 [main] INFO  o.h.h.i.a.ASTQueryTranslatorFactory - HHH000397: Using ASTQueryTranslatorFactory
2016-08-29_22:42:56.682 [main] INFO  o.h.tool.hbm2ddl.SchemaUpdate - HHH000228: Running hbm2ddl schema update
2016-08-29_22:42:56.682 [main] INFO  o.h.tool.hbm2ddl.SchemaUpdate - HHH000102: Fetching database metadata
2016-08-29_22:42:56.686 [main] ERROR o.h.tool.hbm2ddl.SchemaUpdate - HHH000319: Could not get database metadata
java.sql.SQLException: Cannot create PoolableConnectionFactory (Access denied for user 'root'@'localhost' (using password: YES))
	at org.apache.commons.dbcp2.BasicDataSource.createPoolableConnectionFactory(BasicDataSource.java:2152)
	at org.apache.commons.dbcp2.BasicDataSource.createDataSource(BasicDataSource.java:1903)
	at org.apache.commons.dbcp2.BasicDataSource.getConnection(BasicDataSource.java:1413)
	at org.hibernate.engine.jdbc.connections.internal.DatasourceConnectionProviderImpl.getConnection(DatasourceConnectionProviderImpl.java:139)
	at org.hibernate.tool.hbm2ddl.SuppliedConnectionProviderConnectionHelper.prepare(SuppliedConnectionProviderConnectionHelper.java:51)
	at org.hibernate.tool.hbm2ddl.SchemaUpdate.execute(SchemaUpdate.java:219)
	at org.hibernate.tool.hbm2ddl.SchemaUpdate.execute(SchemaUpdate.java:203)
	at org.hibernate.internal.SessionFactoryImpl.<init>(SessionFactoryImpl.java:522)
	at org.hibernate.cfg.Configuration.buildSessionFactory(Configuration.java:1859)
	at org.hibernate.cfg.Configuration.buildSessionFactory(Configuration.java:1930)
	at org.springframework.orm.hibernate4.LocalSessionFactoryBuilder.buildSessionFactory(LocalSessionFactoryBuilder.java:343)
	at org.springframework.orm.hibernate4.LocalSessionFactoryBean.buildSessionFactory(LocalSessionFactoryBean.java:431)
	at org.springframework.orm.hibernate4.LocalSessionFactoryBean.afterPropertiesSet(LocalSessionFactoryBean.java:416)
	at org.springframework.beans.factory.support.AbstractAutowireCapableBeanFactory.invokeInitMethods(AbstractAutowireCapableBeanFactory.java:1612)
	at org.springframework.beans.factory.support.AbstractAutowireCapableBeanFactory.initializeBean(AbstractAutowireCapableBeanFactory.java:1549)
	at org.springframework.beans.factory.support.AbstractAutowireCapableBeanFactory.doCreateBean(AbstractAutowireCapableBeanFactory.java:539)
	at org.springframework.beans.factory.support.AbstractAutowireCapableBeanFactory.createBean(AbstractAutowireCapableBeanFactory.java:475)
	at org.springframework.beans.factory.support.AbstractBeanFactory$1.getObject(AbstractBeanFactory.java:304)
	at org.springframework.beans.factory.support.DefaultSingletonBeanRegistry.getSingleton(DefaultSingletonBeanRegistry.java:228)
	at org.springframework.beans.factory.support.AbstractBeanFactory.doGetBean(AbstractBeanFactory.java:300)
	at org.springframework.beans.factory.support.AbstractBeanFactory.getBean(AbstractBeanFactory.java:195)
	at org.springframework.beans.factory.support.DefaultListableBeanFactory.findAutowireCandidates(DefaultListableBeanFactory.java:1014)
	at org.springframework.beans.factory.support.DefaultListableBeanFactory.doResolveDependency(DefaultListableBeanFactory.java:957)
	at org.springframework.beans.factory.support.DefaultListableBeanFactory.resolveDependency(DefaultListableBeanFactory.java:855)
	at org.springframework.beans.factory.annotation.AutowiredAnnotationBeanPostProcessor$AutowiredMethodElement.inject(AutowiredAnnotationBeanPostProcessor.java:553)
	at org.springframework.beans.factory.annotation.InjectionMetadata.inject(InjectionMetadata.java:87)
	at org.springframework.beans.factory.annotation.AutowiredAnnotationBeanPostProcessor.postProcessPropertyValues(AutowiredAnnotationBeanPostProcessor.java:289)
	at org.springframework.beans.factory.support.AbstractAutowireCapableBeanFactory.populateBean(AbstractAutowireCapableBeanFactory.java:1185)
	at org.springframework.beans.factory.support.AbstractAutowireCapableBeanFactory.doCreateBean(AbstractAutowireCapableBeanFactory.java:537)
	at org.springframework.beans.factory.support.AbstractAutowireCapableBeanFactory.createBean(AbstractAutowireCapableBeanFactory.java:475)
	at org.springframework.beans.factory.support.AbstractBeanFactory$1.getObject(AbstractBeanFactory.java:304)
	at org.springframework.beans.factory.support.DefaultSingletonBeanRegistry.getSingleton(DefaultSingletonBeanRegistry.java:228)
	at org.springframework.beans.factory.support.AbstractBeanFactory.doGetBean(AbstractBeanFactory.java:300)
	at org.springframework.beans.factory.support.AbstractBeanFactory.getBean(AbstractBeanFactory.java:195)
	at org.springframework.beans.factory.support.DefaultListableBeanFactory.preInstantiateSingletons(DefaultListableBeanFactory.java:700)
	at org.springframework.context.support.AbstractApplicationContext.finishBeanFactoryInitialization(AbstractApplicationContext.java:760)
	at org.springframework.context.support.AbstractApplicationContext.refresh(AbstractApplicationContext.java:482)
	at org.springframework.context.support.ClassPathXmlApplicationContext.<init>(ClassPathXmlApplicationContext.java:139)
	at org.springframework.context.support.ClassPathXmlApplicationContext.<init>(ClassPathXmlApplicationContext.java:83)
	at fr.afcepf.al28.hibernate.test.SpringHibernateTest.main(SpringHibernateTest.java:21)
Caused by: java.sql.SQLException: Access denied for user 'root'@'localhost' (using password: YES)
	at com.mysql.jdbc.SQLError.createSQLException(SQLError.java:1078)
	at com.mysql.jdbc.MysqlIO.checkErrorPacket(MysqlIO.java:4237)
	at com.mysql.jdbc.MysqlIO.checkErrorPacket(MysqlIO.java:4169)
	at com.mysql.jdbc.MysqlIO.checkErrorPacket(MysqlIO.java:928)
	at com.mysql.jdbc.MysqlIO.proceedHandshakeWithPluggableAuthentication(MysqlIO.java:1750)
	at com.mysql.jdbc.MysqlIO.doHandshake(MysqlIO.java:1290)
	at com.mysql.jdbc.ConnectionImpl.coreConnect(ConnectionImpl.java:2493)
	at com.mysql.jdbc.ConnectionImpl.connectOneTryOnly(ConnectionImpl.java:2526)
	at com.mysql.jdbc.ConnectionImpl.createNewIO(ConnectionImpl.java:2311)
	at com.mysql.jdbc.ConnectionImpl.<init>(ConnectionImpl.java:834)
	at com.mysql.jdbc.JDBC4Connection.<init>(JDBC4Connection.java:47)
	at sun.reflect.NativeConstructorAccessorImpl.newInstance0(Native Method)
	at sun.reflect.NativeConstructorAccessorImpl.newInstance(NativeConstructorAccessorImpl.java:62)
	at sun.reflect.DelegatingConstructorAccessorImpl.newInstance(DelegatingConstructorAccessorImpl.java:45)
	at java.lang.reflect.Constructor.newInstance(Constructor.java:423)
	at com.mysql.jdbc.Util.handleNewInstance(Util.java:411)
	at com.mysql.jdbc.ConnectionImpl.getInstance(ConnectionImpl.java:416)
	at com.mysql.jdbc.NonRegisteringDriver.connect(NonRegisteringDriver.java:347)
	at org.apache.commons.dbcp2.DriverConnectionFactory.createConnection(DriverConnectionFactory.java:39)
	at org.apache.commons.dbcp2.PoolableConnectionFactory.makeObject(PoolableConnectionFactory.java:205)
	at org.apache.commons.dbcp2.BasicDataSource.validateConnectionFactory(BasicDataSource.java:2162)
	at org.apache.commons.dbcp2.BasicDataSource.createPoolableConnectionFactory(BasicDataSource.java:2148)
	... 39 common frames omitted
2016-08-29_22:42:56.686 [main] ERROR o.h.tool.hbm2ddl.SchemaUpdate - HHH000299: Could not complete schema update
java.sql.SQLException: Cannot create PoolableConnectionFactory (Access denied for user 'root'@'localhost' (using password: YES))
	at org.apache.commons.dbcp2.BasicDataSource.createPoolableConnectionFactory(BasicDataSource.java:2152)
	at org.apache.commons.dbcp2.BasicDataSource.createDataSource(BasicDataSource.java:1903)
	at org.apache.commons.dbcp2.BasicDataSource.getConnection(BasicDataSource.java:1413)
	at org.hibernate.engine.jdbc.connections.internal.DatasourceConnectionProviderImpl.getConnection(DatasourceConnectionProviderImpl.java:139)
	at org.hibernate.tool.hbm2ddl.SuppliedConnectionProviderConnectionHelper.prepare(SuppliedConnectionProviderConnectionHelper.java:51)
	at org.hibernate.tool.hbm2ddl.SchemaUpdate.execute(SchemaUpdate.java:219)
	at org.hibernate.tool.hbm2ddl.SchemaUpdate.execute(SchemaUpdate.java:203)
	at org.hibernate.internal.SessionFactoryImpl.<init>(SessionFactoryImpl.java:522)
	at org.hibernate.cfg.Configuration.buildSessionFactory(Configuration.java:1859)
	at org.hibernate.cfg.Configuration.buildSessionFactory(Configuration.java:1930)
	at org.springframework.orm.hibernate4.LocalSessionFactoryBuilder.buildSessionFactory(LocalSessionFactoryBuilder.java:343)
	at org.springframework.orm.hibernate4.LocalSessionFactoryBean.buildSessionFactory(LocalSessionFactoryBean.java:431)
	at org.springframework.orm.hibernate4.LocalSessionFactoryBean.afterPropertiesSet(LocalSessionFactoryBean.java:416)
	at org.springframework.beans.factory.support.AbstractAutowireCapableBeanFactory.invokeInitMethods(AbstractAutowireCapableBeanFactory.java:1612)
	at org.springframework.beans.factory.support.AbstractAutowireCapableBeanFactory.initializeBean(AbstractAutowireCapableBeanFactory.java:1549)
	at org.springframework.beans.factory.support.AbstractAutowireCapableBeanFactory.doCreateBean(AbstractAutowireCapableBeanFactory.java:539)
	at org.springframework.beans.factory.support.AbstractAutowireCapableBeanFactory.createBean(AbstractAutowireCapableBeanFactory.java:475)
	at org.springframework.beans.factory.support.AbstractBeanFactory$1.getObject(AbstractBeanFactory.java:304)
	at org.springframework.beans.factory.support.DefaultSingletonBeanRegistry.getSingleton(DefaultSingletonBeanRegistry.java:228)
	at org.springframework.beans.factory.support.AbstractBeanFactory.doGetBean(AbstractBeanFactory.java:300)
	at org.springframework.beans.factory.support.AbstractBeanFactory.getBean(AbstractBeanFactory.java:195)
	at org.springframework.beans.factory.support.DefaultListableBeanFactory.findAutowireCandidates(DefaultListableBeanFactory.java:1014)
	at org.springframework.beans.factory.support.DefaultListableBeanFactory.doResolveDependency(DefaultListableBeanFactory.java:957)
	at org.springframework.beans.factory.support.DefaultListableBeanFactory.resolveDependency(DefaultListableBeanFactory.java:855)
	at org.springframework.beans.factory.annotation.AutowiredAnnotationBeanPostProcessor$AutowiredMethodElement.inject(AutowiredAnnotationBeanPostProcessor.java:553)
	at org.springframework.beans.factory.annotation.InjectionMetadata.inject(InjectionMetadata.java:87)
	at org.springframework.beans.factory.annotation.AutowiredAnnotationBeanPostProcessor.postProcessPropertyValues(AutowiredAnnotationBeanPostProcessor.java:289)
	at org.springframework.beans.factory.support.AbstractAutowireCapableBeanFactory.populateBean(AbstractAutowireCapableBeanFactory.java:1185)
	at org.springframework.beans.factory.support.AbstractAutowireCapableBeanFactory.doCreateBean(AbstractAutowireCapableBeanFactory.java:537)
	at org.springframework.beans.factory.support.AbstractAutowireCapableBeanFactory.createBean(AbstractAutowireCapableBeanFactory.java:475)
	at org.springframework.beans.factory.support.AbstractBeanFactory$1.getObject(AbstractBeanFactory.java:304)
	at org.springframework.beans.factory.support.DefaultSingletonBeanRegistry.getSingleton(DefaultSingletonBeanRegistry.java:228)
	at org.springframework.beans.factory.support.AbstractBeanFactory.doGetBean(AbstractBeanFactory.java:300)
	at org.springframework.beans.factory.support.AbstractBeanFactory.getBean(AbstractBeanFactory.java:195)
	at org.springframework.beans.factory.support.DefaultListableBeanFactory.preInstantiateSingletons(DefaultListableBeanFactory.java:700)
	at org.springframework.context.support.AbstractApplicationContext.finishBeanFactoryInitialization(AbstractApplicationContext.java:760)
	at org.springframework.context.support.AbstractApplicationContext.refresh(AbstractApplicationContext.java:482)
	at org.springframework.context.support.ClassPathXmlApplicationContext.<init>(ClassPathXmlApplicationContext.java:139)
	at org.springframework.context.support.ClassPathXmlApplicationContext.<init>(ClassPathXmlApplicationContext.java:83)
	at fr.afcepf.al28.hibernate.test.SpringHibernateTest.main(SpringHibernateTest.java:21)
Caused by: java.sql.SQLException: Access denied for user 'root'@'localhost' (using password: YES)
	at com.mysql.jdbc.SQLError.createSQLException(SQLError.java:1078)
	at com.mysql.jdbc.MysqlIO.checkErrorPacket(MysqlIO.java:4237)
	at com.mysql.jdbc.MysqlIO.checkErrorPacket(MysqlIO.java:4169)
	at com.mysql.jdbc.MysqlIO.checkErrorPacket(MysqlIO.java:928)
	at com.mysql.jdbc.MysqlIO.proceedHandshakeWithPluggableAuthentication(MysqlIO.java:1750)
	at com.mysql.jdbc.MysqlIO.doHandshake(MysqlIO.java:1290)
	at com.mysql.jdbc.ConnectionImpl.coreConnect(ConnectionImpl.java:2493)
	at com.mysql.jdbc.ConnectionImpl.connectOneTryOnly(ConnectionImpl.java:2526)
	at com.mysql.jdbc.ConnectionImpl.createNewIO(ConnectionImpl.java:2311)
	at com.mysql.jdbc.ConnectionImpl.<init>(ConnectionImpl.java:834)
	at com.mysql.jdbc.JDBC4Connection.<init>(JDBC4Connection.java:47)
	at sun.reflect.NativeConstructorAccessorImpl.newInstance0(Native Method)
	at sun.reflect.NativeConstructorAccessorImpl.newInstance(NativeConstructorAccessorImpl.java:62)
	at sun.reflect.DelegatingConstructorAccessorImpl.newInstance(DelegatingConstructorAccessorImpl.java:45)
	at java.lang.reflect.Constructor.newInstance(Constructor.java:423)
	at com.mysql.jdbc.Util.handleNewInstance(Util.java:411)
	at com.mysql.jdbc.ConnectionImpl.getInstance(ConnectionImpl.java:416)
	at com.mysql.jdbc.NonRegisteringDriver.connect(NonRegisteringDriver.java:347)
	at org.apache.commons.dbcp2.DriverConnectionFactory.createConnection(DriverConnectionFactory.java:39)
	at org.apache.commons.dbcp2.PoolableConnectionFactory.makeObject(PoolableConnectionFactory.java:205)
	at org.apache.commons.dbcp2.BasicDataSource.validateConnectionFactory(BasicDataSource.java:2162)
	at org.apache.commons.dbcp2.BasicDataSource.createPoolableConnectionFactory(BasicDataSource.java:2148)
	... 39 common frames omitted
2016-08-29_22:42:56.723 [main] WARN  o.h.e.jdbc.spi.SqlExceptionHelper - SQL Error: 0, SQLState: null
2016-08-29_22:42:56.724 [main] ERROR o.h.e.jdbc.spi.SqlExceptionHelper - Cannot create PoolableConnectionFactory (Access denied for user 'root'@'localhost' (using password: YES))
2016-08-29_22:42:56.727 [main] INFO  f.a.a.h.test.SpringHibernateTest - Objet Personne ajouté -->Personne [id=null, nom=Storero, prenom=Nicolas, adresse=73 avenue de la république, naissance=Mon Aug 29 22:42:56 CEST 2016]
2016-08-29_22:42:56.821 [main] WARN  o.h.e.jdbc.spi.SqlExceptionHelper - SQL Error: 0, SQLState: null
2016-08-29_22:42:56.821 [main] ERROR o.h.e.jdbc.spi.SqlExceptionHelper - Cannot create PoolableConnectionFactory (Access denied for user 'root'@'localhost' (using password: YES))
2016-08-29_22:45:41.634 [main] INFO  o.s.c.s.ClassPathXmlApplicationContext - Refreshing org.springframework.context.support.ClassPathXmlApplicationContext@15975490: startup date [Mon Aug 29 22:45:41 CEST 2016]; root of context hierarchy
2016-08-29_22:45:41.663 [main] INFO  o.s.b.f.xml.XmlBeanDefinitionReader - Loading XML bean definitions from class path resource [spring.xml]
2016-08-29_22:45:41.789 [main] INFO  o.s.b.f.xml.XmlBeanDefinitionReader - Loading XML bean definitions from class path resource [springData.xml]
2016-08-29_22:45:41.979 [main] INFO  o.h.annotations.common.Version - HCANN000001: Hibernate Commons Annotations {4.0.5.Final}
2016-08-29_22:45:41.983 [main] INFO  org.hibernate.Version - HHH000412: Hibernate Core {4.3.8.Final}
2016-08-29_22:45:41.984 [main] INFO  org.hibernate.cfg.Environment - HHH000206: hibernate.properties not found
2016-08-29_22:45:41.985 [main] INFO  org.hibernate.cfg.Environment - HHH000021: Bytecode provider name : javassist
2016-08-29_22:45:42.001 [main] INFO  org.hibernate.cfg.Configuration - HHH000044: Configuring from URL: file:/home/nikko/dev/workspace/SpringHibernate/target/classes/hib.cfg.xml
2016-08-29_22:45:42.029 [main] INFO  org.hibernate.cfg.Configuration - HHH000041: Configured SessionFactory: null
2016-08-29_22:45:42.338 [main] INFO  org.hibernate.dialect.Dialect - HHH000400: Using dialect: org.hibernate.dialect.MySQLDialect
2016-08-29_22:45:42.460 [main] INFO  o.h.e.t.i.TransactionFactoryInitiator - HHH000399: Using default transaction strategy (direct JDBC transactions)
2016-08-29_22:45:42.462 [main] INFO  o.h.h.i.a.ASTQueryTranslatorFactory - HHH000397: Using ASTQueryTranslatorFactory
2016-08-29_22:45:42.605 [main] INFO  o.h.tool.hbm2ddl.SchemaUpdate - HHH000228: Running hbm2ddl schema update
2016-08-29_22:45:42.605 [main] INFO  o.h.tool.hbm2ddl.SchemaUpdate - HHH000102: Fetching database metadata
2016-08-29_22:45:42.607 [main] INFO  o.h.tool.hbm2ddl.SchemaUpdate - HHH000396: Updating schema
2016-08-29_22:45:42.609 [main] INFO  java.sql.DatabaseMetaData - HHH000262: Table not found: personne
2016-08-29_22:45:42.610 [main] INFO  java.sql.DatabaseMetaData - HHH000262: Table not found: personne
2016-08-29_22:45:42.610 [main] INFO  java.sql.DatabaseMetaData - HHH000262: Table not found: personne
2016-08-29_22:45:42.620 [main] INFO  o.h.tool.hbm2ddl.SchemaUpdate - HHH000232: Schema update complete
2016-08-29_22:45:42.701 [main] INFO  f.a.a.h.test.SpringHibernateTest - Objet Personne ajouté -->Personne [id=1, nom=Storero, prenom=Nicolas, adresse=73 avenue de la république, naissance=Mon Aug 29 22:45:42 CEST 2016]
2016-08-29_22:45:42.780 [main] INFO  f.a.a.h.test.SpringHibernateTest - [Personne [id=1, nom=Storero, prenom=Nicolas, adresse=73 avenue de la république, naissance=2016-08-29 22:45:43.0]]
2016-08-29_22:45:42.790 [main] INFO  f.a.a.h.test.SpringHibernateTest - Id objet Personne supprimé -->1
2016-08-29_22:46:49.700 [main] INFO  o.s.c.s.ClassPathXmlApplicationContext - Refreshing org.springframework.context.support.ClassPathXmlApplicationContext@15975490: startup date [Mon Aug 29 22:46:49 CEST 2016]; root of context hierarchy
2016-08-29_22:46:49.726 [main] INFO  o.s.b.f.xml.XmlBeanDefinitionReader - Loading XML bean definitions from class path resource [spring.xml]
2016-08-29_22:46:49.852 [main] INFO  o.s.b.f.xml.XmlBeanDefinitionReader - Loading XML bean definitions from class path resource [springData.xml]
2016-08-29_22:46:50.054 [main] INFO  o.h.annotations.common.Version - HCANN000001: Hibernate Commons Annotations {4.0.5.Final}
2016-08-29_22:46:50.058 [main] INFO  org.hibernate.Version - HHH000412: Hibernate Core {4.3.8.Final}
2016-08-29_22:46:50.060 [main] INFO  org.hibernate.cfg.Environment - HHH000206: hibernate.properties not found
2016-08-29_22:46:50.061 [main] INFO  org.hibernate.cfg.Environment - HHH000021: Bytecode provider name : javassist
2016-08-29_22:46:50.076 [main] INFO  org.hibernate.cfg.Configuration - HHH000044: Configuring from URL: file:/home/nikko/dev/workspace/SpringHibernate/target/classes/hib.cfg.xml
2016-08-29_22:46:50.106 [main] INFO  org.hibernate.cfg.Configuration - HHH000041: Configured SessionFactory: null
2016-08-29_22:46:50.425 [main] INFO  org.hibernate.dialect.Dialect - HHH000400: Using dialect: org.hibernate.dialect.MySQLDialect
2016-08-29_22:46:50.532 [main] INFO  o.h.e.t.i.TransactionFactoryInitiator - HHH000399: Using default transaction strategy (direct JDBC transactions)
2016-08-29_22:46:50.535 [main] INFO  o.h.h.i.a.ASTQueryTranslatorFactory - HHH000397: Using ASTQueryTranslatorFactory
2016-08-29_22:46:50.697 [main] INFO  o.h.tool.hbm2ddl.SchemaUpdate - HHH000228: Running hbm2ddl schema update
2016-08-29_22:46:50.698 [main] INFO  o.h.tool.hbm2ddl.SchemaUpdate - HHH000102: Fetching database metadata
2016-08-29_22:46:50.699 [main] INFO  o.h.tool.hbm2ddl.SchemaUpdate - HHH000396: Updating schema
2016-08-29_22:46:50.714 [main] INFO  o.h.tool.hbm2ddl.TableMetadata - HHH000261: Table found: bdd_hibernate.personne
2016-08-29_22:46:50.714 [main] INFO  o.h.tool.hbm2ddl.TableMetadata - HHH000037: Columns: [naissance, adresse, id, nom, prenom]
2016-08-29_22:46:50.715 [main] INFO  o.h.tool.hbm2ddl.TableMetadata - HHH000108: Foreign keys: []
2016-08-29_22:46:50.715 [main] INFO  o.h.tool.hbm2ddl.TableMetadata - HHH000126: Indexes: [primary]
2016-08-29_22:46:50.716 [main] INFO  o.h.tool.hbm2ddl.SchemaUpdate - HHH000232: Schema update complete
2016-08-29_22:46:50.806 [main] INFO  f.a.a.h.test.SpringHibernateTest - Objet Personne ajouté -->Personne [id=2, nom=Storero, prenom=Nicolas, adresse=73 avenue de la république, naissance=Mon Aug 29 22:46:50 CEST 2016]
2016-08-29_22:46:50.898 [main] INFO  f.a.a.h.test.SpringHibernateTest - [Personne [id=2, nom=Storero, prenom=Nicolas, adresse=73 avenue de la république, naissance=2016-08-29 22:46:51.0]]
2016-08-29_22:47:03.744 [main] INFO  o.s.c.s.ClassPathXmlApplicationContext - Refreshing org.springframework.context.support.ClassPathXmlApplicationContext@15975490: startup date [Mon Aug 29 22:47:03 CEST 2016]; root of context hierarchy
2016-08-29_22:47:03.771 [main] INFO  o.s.b.f.xml.XmlBeanDefinitionReader - Loading XML bean definitions from class path resource [spring.xml]
2016-08-29_22:47:03.901 [main] INFO  o.s.b.f.xml.XmlBeanDefinitionReader - Loading XML bean definitions from class path resource [springData.xml]
2016-08-29_22:47:04.115 [main] INFO  o.h.annotations.common.Version - HCANN000001: Hibernate Commons Annotations {4.0.5.Final}
2016-08-29_22:47:04.119 [main] INFO  org.hibernate.Version - HHH000412: Hibernate Core {4.3.8.Final}
2016-08-29_22:47:04.120 [main] INFO  org.hibernate.cfg.Environment - HHH000206: hibernate.properties not found
2016-08-29_22:47:04.121 [main] INFO  org.hibernate.cfg.Environment - HHH000021: Bytecode provider name : javassist
2016-08-29_22:47:04.137 [main] INFO  org.hibernate.cfg.Configuration - HHH000044: Configuring from URL: file:/home/nikko/dev/workspace/SpringHibernate/target/classes/hib.cfg.xml
2016-08-29_22:47:04.166 [main] INFO  org.hibernate.cfg.Configuration - HHH000041: Configured SessionFactory: null
2016-08-29_22:47:04.465 [main] INFO  org.hibernate.dialect.Dialect - HHH000400: Using dialect: org.hibernate.dialect.MySQLDialect
2016-08-29_22:47:04.585 [main] INFO  o.h.e.t.i.TransactionFactoryInitiator - HHH000399: Using default transaction strategy (direct JDBC transactions)
2016-08-29_22:47:04.589 [main] INFO  o.h.h.i.a.ASTQueryTranslatorFactory - HHH000397: Using ASTQueryTranslatorFactory
2016-08-29_22:47:04.754 [main] INFO  o.h.tool.hbm2ddl.SchemaUpdate - HHH000228: Running hbm2ddl schema update
2016-08-29_22:47:04.754 [main] INFO  o.h.tool.hbm2ddl.SchemaUpdate - HHH000102: Fetching database metadata
2016-08-29_22:47:04.756 [main] INFO  o.h.tool.hbm2ddl.SchemaUpdate - HHH000396: Updating schema
2016-08-29_22:47:04.768 [main] INFO  o.h.tool.hbm2ddl.TableMetadata - HHH000261: Table found: bdd_hibernate.personne
2016-08-29_22:47:04.768 [main] INFO  o.h.tool.hbm2ddl.TableMetadata - HHH000037: Columns: [naissance, adresse, id, nom, prenom]
2016-08-29_22:47:04.768 [main] INFO  o.h.tool.hbm2ddl.TableMetadata - HHH000108: Foreign keys: []
2016-08-29_22:47:04.768 [main] INFO  o.h.tool.hbm2ddl.TableMetadata - HHH000126: Indexes: [primary]
2016-08-29_22:47:04.769 [main] INFO  o.h.tool.hbm2ddl.SchemaUpdate - HHH000232: Schema update complete
2016-08-29_22:47:04.854 [main] INFO  f.a.a.h.test.SpringHibernateTest - Objet Personne ajouté -->Personne [id=3, nom=Storero, prenom=Nicolas, adresse=73 avenue de la république, naissance=Mon Aug 29 22:47:04 CEST 2016]
2016-08-29_22:47:04.943 [main] INFO  f.a.a.h.test.SpringHibernateTest - [Personne [id=2, nom=Storero, prenom=Nicolas, adresse=73 avenue de la république, naissance=2016-08-29 22:46:51.0], Personne [id=3, nom=Storero, prenom=Nicolas, adresse=73 avenue de la république, naissance=2016-08-29 22:47:05.0]]
2016-08-29_22:47:04.957 [main] INFO  f.a.a.h.test.SpringHibernateTest - Id objet Personne supprimé -->2
2016-08-31_21:23:02.127 [main] INFO  o.s.c.s.ClassPathXmlApplicationContext - Refreshing org.springframework.context.support.ClassPathXmlApplicationContext@15975490: startup date [Wed Aug 31 21:23:02 CEST 2016]; root of context hierarchy
2016-08-31_21:23:02.164 [main] INFO  o.s.b.f.xml.XmlBeanDefinitionReader - Loading XML bean definitions from class path resource [spring.xml]
2016-08-31_21:23:02.247 [main] INFO  o.s.b.f.xml.XmlBeanDefinitionReader - Loading XML bean definitions from class path resource [springData.xml]
2016-08-31_21:23:02.564 [main] INFO  o.h.annotations.common.Version - HCANN000001: Hibernate Commons Annotations {4.0.5.Final}
2016-08-31_21:23:02.568 [main] INFO  org.hibernate.Version - HHH000412: Hibernate Core {4.3.8.Final}
2016-08-31_21:23:02.570 [main] INFO  org.hibernate.cfg.Environment - HHH000206: hibernate.properties not found
2016-08-31_21:23:02.571 [main] INFO  org.hibernate.cfg.Environment - HHH000021: Bytecode provider name : javassist
2016-08-31_21:23:02.583 [main] INFO  org.hibernate.cfg.Configuration - HHH000044: Configuring from URL: file:/home/nikko/dev/workspace/SpringHibernate/target/classes/hib.cfg.xml
2016-08-31_21:23:02.612 [main] INFO  org.hibernate.cfg.Configuration - HHH000041: Configured SessionFactory: null
2016-08-31_21:23:02.860 [main] WARN  o.h.e.jdbc.internal.JdbcServicesImpl - HHH000342: Could not obtain connection to query metadata : Cannot create PoolableConnectionFactory (Access denied for user 'root'@'localhost' (using password: YES))
2016-08-31_21:23:02.865 [main] INFO  org.hibernate.dialect.Dialect - HHH000400: Using dialect: org.hibernate.dialect.MySQLDialect
2016-08-31_21:23:02.870 [main] INFO  o.h.e.j.internal.LobCreatorBuilder - HHH000422: Disabling contextual LOB creation as connection was null
2016-08-31_21:23:02.979 [main] INFO  o.h.e.t.i.TransactionFactoryInitiator - HHH000399: Using default transaction strategy (direct JDBC transactions)
2016-08-31_21:23:02.983 [main] INFO  o.h.h.i.a.ASTQueryTranslatorFactory - HHH000397: Using ASTQueryTranslatorFactory
2016-08-31_21:23:03.203 [main] INFO  o.h.tool.hbm2ddl.SchemaUpdate - HHH000228: Running hbm2ddl schema update
2016-08-31_21:23:03.203 [main] INFO  o.h.tool.hbm2ddl.SchemaUpdate - HHH000102: Fetching database metadata
2016-08-31_21:23:03.207 [main] ERROR o.h.tool.hbm2ddl.SchemaUpdate - HHH000319: Could not get database metadata
java.sql.SQLException: Cannot create PoolableConnectionFactory (Access denied for user 'root'@'localhost' (using password: YES))
	at org.apache.commons.dbcp2.BasicDataSource.createPoolableConnectionFactory(BasicDataSource.java:2152)
	at org.apache.commons.dbcp2.BasicDataSource.createDataSource(BasicDataSource.java:1903)
	at org.apache.commons.dbcp2.BasicDataSource.getConnection(BasicDataSource.java:1413)
	at org.hibernate.engine.jdbc.connections.internal.DatasourceConnectionProviderImpl.getConnection(DatasourceConnectionProviderImpl.java:139)
	at org.hibernate.tool.hbm2ddl.SuppliedConnectionProviderConnectionHelper.prepare(SuppliedConnectionProviderConnectionHelper.java:51)
	at org.hibernate.tool.hbm2ddl.SchemaUpdate.execute(SchemaUpdate.java:219)
	at org.hibernate.tool.hbm2ddl.SchemaUpdate.execute(SchemaUpdate.java:203)
	at org.hibernate.internal.SessionFactoryImpl.<init>(SessionFactoryImpl.java:522)
	at org.hibernate.cfg.Configuration.buildSessionFactory(Configuration.java:1859)
	at org.hibernate.cfg.Configuration.buildSessionFactory(Configuration.java:1930)
	at org.springframework.orm.hibernate4.LocalSessionFactoryBuilder.buildSessionFactory(LocalSessionFactoryBuilder.java:343)
	at org.springframework.orm.hibernate4.LocalSessionFactoryBean.buildSessionFactory(LocalSessionFactoryBean.java:431)
	at org.springframework.orm.hibernate4.LocalSessionFactoryBean.afterPropertiesSet(LocalSessionFactoryBean.java:416)
	at org.springframework.beans.factory.support.AbstractAutowireCapableBeanFactory.invokeInitMethods(AbstractAutowireCapableBeanFactory.java:1612)
	at org.springframework.beans.factory.support.AbstractAutowireCapableBeanFactory.initializeBean(AbstractAutowireCapableBeanFactory.java:1549)
	at org.springframework.beans.factory.support.AbstractAutowireCapableBeanFactory.doCreateBean(AbstractAutowireCapableBeanFactory.java:539)
	at org.springframework.beans.factory.support.AbstractAutowireCapableBeanFactory.createBean(AbstractAutowireCapableBeanFactory.java:475)
	at org.springframework.beans.factory.support.AbstractBeanFactory$1.getObject(AbstractBeanFactory.java:304)
	at org.springframework.beans.factory.support.DefaultSingletonBeanRegistry.getSingleton(DefaultSingletonBeanRegistry.java:228)
	at org.springframework.beans.factory.support.AbstractBeanFactory.doGetBean(AbstractBeanFactory.java:300)
	at org.springframework.beans.factory.support.AbstractBeanFactory.getBean(AbstractBeanFactory.java:195)
	at org.springframework.beans.factory.support.DefaultListableBeanFactory.preInstantiateSingletons(DefaultListableBeanFactory.java:681)
	at org.springframework.context.support.AbstractApplicationContext.finishBeanFactoryInitialization(AbstractApplicationContext.java:760)
	at org.springframework.context.support.AbstractApplicationContext.refresh(AbstractApplicationContext.java:482)
	at org.springframework.context.support.ClassPathXmlApplicationContext.<init>(ClassPathXmlApplicationContext.java:139)
	at org.springframework.context.support.ClassPathXmlApplicationContext.<init>(ClassPathXmlApplicationContext.java:83)
	at fr.afcepf.al28.hibernate.test.SpringHibernateTest.main(SpringHibernateTest.java:22)
Caused by: java.sql.SQLException: Access denied for user 'root'@'localhost' (using password: YES)
	at com.mysql.jdbc.SQLError.createSQLException(SQLError.java:1078)
	at com.mysql.jdbc.MysqlIO.checkErrorPacket(MysqlIO.java:4237)
	at com.mysql.jdbc.MysqlIO.checkErrorPacket(MysqlIO.java:4169)
	at com.mysql.jdbc.MysqlIO.checkErrorPacket(MysqlIO.java:928)
	at com.mysql.jdbc.MysqlIO.proceedHandshakeWithPluggableAuthentication(MysqlIO.java:1750)
	at com.mysql.jdbc.MysqlIO.doHandshake(MysqlIO.java:1290)
	at com.mysql.jdbc.ConnectionImpl.coreConnect(ConnectionImpl.java:2493)
	at com.mysql.jdbc.ConnectionImpl.connectOneTryOnly(ConnectionImpl.java:2526)
	at com.mysql.jdbc.ConnectionImpl.createNewIO(ConnectionImpl.java:2311)
	at com.mysql.jdbc.ConnectionImpl.<init>(ConnectionImpl.java:834)
	at com.mysql.jdbc.JDBC4Connection.<init>(JDBC4Connection.java:47)
	at sun.reflect.NativeConstructorAccessorImpl.newInstance0(Native Method)
	at sun.reflect.NativeConstructorAccessorImpl.newInstance(NativeConstructorAccessorImpl.java:62)
	at sun.reflect.DelegatingConstructorAccessorImpl.newInstance(DelegatingConstructorAccessorImpl.java:45)
	at java.lang.reflect.Constructor.newInstance(Constructor.java:423)
	at com.mysql.jdbc.Util.handleNewInstance(Util.java:411)
	at com.mysql.jdbc.ConnectionImpl.getInstance(ConnectionImpl.java:416)
	at com.mysql.jdbc.NonRegisteringDriver.connect(NonRegisteringDriver.java:347)
	at org.apache.commons.dbcp2.DriverConnectionFactory.createConnection(DriverConnectionFactory.java:39)
	at org.apache.commons.dbcp2.PoolableConnectionFactory.makeObject(PoolableConnectionFactory.java:205)
	at org.apache.commons.dbcp2.BasicDataSource.validateConnectionFactory(BasicDataSource.java:2162)
	at org.apache.commons.dbcp2.BasicDataSource.createPoolableConnectionFactory(BasicDataSource.java:2148)
	... 26 common frames omitted
2016-08-31_21:23:03.207 [main] ERROR o.h.tool.hbm2ddl.SchemaUpdate - HHH000299: Could not complete schema update
java.sql.SQLException: Cannot create PoolableConnectionFactory (Access denied for user 'root'@'localhost' (using password: YES))
	at org.apache.commons.dbcp2.BasicDataSource.createPoolableConnectionFactory(BasicDataSource.java:2152)
	at org.apache.commons.dbcp2.BasicDataSource.createDataSource(BasicDataSource.java:1903)
	at org.apache.commons.dbcp2.BasicDataSource.getConnection(BasicDataSource.java:1413)
	at org.hibernate.engine.jdbc.connections.internal.DatasourceConnectionProviderImpl.getConnection(DatasourceConnectionProviderImpl.java:139)
	at org.hibernate.tool.hbm2ddl.SuppliedConnectionProviderConnectionHelper.prepare(SuppliedConnectionProviderConnectionHelper.java:51)
	at org.hibernate.tool.hbm2ddl.SchemaUpdate.execute(SchemaUpdate.java:219)
	at org.hibernate.tool.hbm2ddl.SchemaUpdate.execute(SchemaUpdate.java:203)
	at org.hibernate.internal.SessionFactoryImpl.<init>(SessionFactoryImpl.java:522)
	at org.hibernate.cfg.Configuration.buildSessionFactory(Configuration.java:1859)
	at org.hibernate.cfg.Configuration.buildSessionFactory(Configuration.java:1930)
	at org.springframework.orm.hibernate4.LocalSessionFactoryBuilder.buildSessionFactory(LocalSessionFactoryBuilder.java:343)
	at org.springframework.orm.hibernate4.LocalSessionFactoryBean.buildSessionFactory(LocalSessionFactoryBean.java:431)
	at org.springframework.orm.hibernate4.LocalSessionFactoryBean.afterPropertiesSet(LocalSessionFactoryBean.java:416)
	at org.springframework.beans.factory.support.AbstractAutowireCapableBeanFactory.invokeInitMethods(AbstractAutowireCapableBeanFactory.java:1612)
	at org.springframework.beans.factory.support.AbstractAutowireCapableBeanFactory.initializeBean(AbstractAutowireCapableBeanFactory.java:1549)
	at org.springframework.beans.factory.support.AbstractAutowireCapableBeanFactory.doCreateBean(AbstractAutowireCapableBeanFactory.java:539)
	at org.springframework.beans.factory.support.AbstractAutowireCapableBeanFactory.createBean(AbstractAutowireCapableBeanFactory.java:475)
	at org.springframework.beans.factory.support.AbstractBeanFactory$1.getObject(AbstractBeanFactory.java:304)
	at org.springframework.beans.factory.support.DefaultSingletonBeanRegistry.getSingleton(DefaultSingletonBeanRegistry.java:228)
	at org.springframework.beans.factory.support.AbstractBeanFactory.doGetBean(AbstractBeanFactory.java:300)
	at org.springframework.beans.factory.support.AbstractBeanFactory.getBean(AbstractBeanFactory.java:195)
	at org.springframework.beans.factory.support.DefaultListableBeanFactory.preInstantiateSingletons(DefaultListableBeanFactory.java:681)
	at org.springframework.context.support.AbstractApplicationContext.finishBeanFactoryInitialization(AbstractApplicationContext.java:760)
	at org.springframework.context.support.AbstractApplicationContext.refresh(AbstractApplicationContext.java:482)
	at org.springframework.context.support.ClassPathXmlApplicationContext.<init>(ClassPathXmlApplicationContext.java:139)
	at org.springframework.context.support.ClassPathXmlApplicationContext.<init>(ClassPathXmlApplicationContext.java:83)
	at fr.afcepf.al28.hibernate.test.SpringHibernateTest.main(SpringHibernateTest.java:22)
Caused by: java.sql.SQLException: Access denied for user 'root'@'localhost' (using password: YES)
	at com.mysql.jdbc.SQLError.createSQLException(SQLError.java:1078)
	at com.mysql.jdbc.MysqlIO.checkErrorPacket(MysqlIO.java:4237)
	at com.mysql.jdbc.MysqlIO.checkErrorPacket(MysqlIO.java:4169)
	at com.mysql.jdbc.MysqlIO.checkErrorPacket(MysqlIO.java:928)
	at com.mysql.jdbc.MysqlIO.proceedHandshakeWithPluggableAuthentication(MysqlIO.java:1750)
	at com.mysql.jdbc.MysqlIO.doHandshake(MysqlIO.java:1290)
	at com.mysql.jdbc.ConnectionImpl.coreConnect(ConnectionImpl.java:2493)
	at com.mysql.jdbc.ConnectionImpl.connectOneTryOnly(ConnectionImpl.java:2526)
	at com.mysql.jdbc.ConnectionImpl.createNewIO(ConnectionImpl.java:2311)
	at com.mysql.jdbc.ConnectionImpl.<init>(ConnectionImpl.java:834)
	at com.mysql.jdbc.JDBC4Connection.<init>(JDBC4Connection.java:47)
	at sun.reflect.NativeConstructorAccessorImpl.newInstance0(Native Method)
	at sun.reflect.NativeConstructorAccessorImpl.newInstance(NativeConstructorAccessorImpl.java:62)
	at sun.reflect.DelegatingConstructorAccessorImpl.newInstance(DelegatingConstructorAccessorImpl.java:45)
	at java.lang.reflect.Constructor.newInstance(Constructor.java:423)
	at com.mysql.jdbc.Util.handleNewInstance(Util.java:411)
	at com.mysql.jdbc.ConnectionImpl.getInstance(ConnectionImpl.java:416)
	at com.mysql.jdbc.NonRegisteringDriver.connect(NonRegisteringDriver.java:347)
	at org.apache.commons.dbcp2.DriverConnectionFactory.createConnection(DriverConnectionFactory.java:39)
	at org.apache.commons.dbcp2.PoolableConnectionFactory.makeObject(PoolableConnectionFactory.java:205)
	at org.apache.commons.dbcp2.BasicDataSource.validateConnectionFactory(BasicDataSource.java:2162)
	at org.apache.commons.dbcp2.BasicDataSource.createPoolableConnectionFactory(BasicDataSource.java:2148)
	... 26 common frames omitted
2016-08-31_21:23:03.239 [main] INFO  o.s.o.h.HibernateTransactionManager - Using DataSource [org.apache.commons.dbcp2.BasicDataSource@7fc44dec] of Hibernate SessionFactory for HibernateTransactionManager
2016-08-31_21:24:56.786 [main] INFO  o.s.c.s.ClassPathXmlApplicationContext - Refreshing org.springframework.context.support.ClassPathXmlApplicationContext@15975490: startup date [Wed Aug 31 21:24:56 CEST 2016]; root of context hierarchy
2016-08-31_21:24:56.813 [main] INFO  o.s.b.f.xml.XmlBeanDefinitionReader - Loading XML bean definitions from class path resource [spring.xml]
2016-08-31_21:24:56.884 [main] INFO  o.s.b.f.xml.XmlBeanDefinitionReader - Loading XML bean definitions from class path resource [springData.xml]
2016-08-31_21:24:57.123 [main] INFO  o.h.annotations.common.Version - HCANN000001: Hibernate Commons Annotations {4.0.5.Final}
2016-08-31_21:24:57.127 [main] INFO  org.hibernate.Version - HHH000412: Hibernate Core {4.3.8.Final}
2016-08-31_21:24:57.128 [main] INFO  org.hibernate.cfg.Environment - HHH000206: hibernate.properties not found
2016-08-31_21:24:57.129 [main] INFO  org.hibernate.cfg.Environment - HHH000021: Bytecode provider name : javassist
2016-08-31_21:24:57.140 [main] INFO  org.hibernate.cfg.Configuration - HHH000044: Configuring from URL: file:/home/nikko/dev/workspace/SpringHibernate/target/classes/hib.cfg.xml
2016-08-31_21:24:57.165 [main] INFO  org.hibernate.cfg.Configuration - HHH000041: Configured SessionFactory: null
2016-08-31_21:24:57.492 [main] INFO  org.hibernate.dialect.Dialect - HHH000400: Using dialect: org.hibernate.dialect.MySQLDialect
2016-08-31_21:24:57.590 [main] INFO  o.h.e.t.i.TransactionFactoryInitiator - HHH000399: Using default transaction strategy (direct JDBC transactions)
2016-08-31_21:24:57.623 [main] INFO  o.h.h.i.a.ASTQueryTranslatorFactory - HHH000397: Using ASTQueryTranslatorFactory
2016-08-31_21:24:57.803 [main] INFO  o.h.tool.hbm2ddl.SchemaUpdate - HHH000228: Running hbm2ddl schema update
2016-08-31_21:24:57.803 [main] INFO  o.h.tool.hbm2ddl.SchemaUpdate - HHH000102: Fetching database metadata
2016-08-31_21:24:57.804 [main] INFO  o.h.tool.hbm2ddl.SchemaUpdate - HHH000396: Updating schema
2016-08-31_21:24:57.807 [main] INFO  java.sql.DatabaseMetaData - HHH000262: Table not found: compte
2016-08-31_21:24:57.825 [main] INFO  o.h.tool.hbm2ddl.TableMetadata - HHH000261: Table found: bdd_hibernate.personne
2016-08-31_21:24:57.825 [main] INFO  o.h.tool.hbm2ddl.TableMetadata - HHH000037: Columns: [naissance, adresse, id, nom, prenom]
2016-08-31_21:24:57.826 [main] INFO  o.h.tool.hbm2ddl.TableMetadata - HHH000108: Foreign keys: []
2016-08-31_21:24:57.826 [main] INFO  o.h.tool.hbm2ddl.TableMetadata - HHH000126: Indexes: [primary]
2016-08-31_21:24:57.827 [main] INFO  java.sql.DatabaseMetaData - HHH000262: Table not found: compte
2016-08-31_21:24:57.828 [main] INFO  java.sql.DatabaseMetaData - HHH000262: Table not found: compte
2016-08-31_21:24:57.852 [main] INFO  o.h.tool.hbm2ddl.SchemaUpdate - HHH000232: Schema update complete
2016-08-31_21:24:57.888 [main] INFO  o.s.o.h.HibernateTransactionManager - Using DataSource [org.apache.commons.dbcp2.BasicDataSource@29a60c27] of Hibernate SessionFactory for HibernateTransactionManager
2016-08-31_21:25:40.603 [main] INFO  o.s.c.s.ClassPathXmlApplicationContext - Refreshing org.springframework.context.support.ClassPathXmlApplicationContext@15975490: startup date [Wed Aug 31 21:25:40 CEST 2016]; root of context hierarchy
2016-08-31_21:25:40.632 [main] INFO  o.s.b.f.xml.XmlBeanDefinitionReader - Loading XML bean definitions from class path resource [spring.xml]
2016-08-31_21:25:40.699 [main] INFO  o.s.b.f.xml.XmlBeanDefinitionReader - Loading XML bean definitions from class path resource [springData.xml]
2016-08-31_21:25:40.931 [main] INFO  o.h.annotations.common.Version - HCANN000001: Hibernate Commons Annotations {4.0.5.Final}
2016-08-31_21:25:40.936 [main] INFO  org.hibernate.Version - HHH000412: Hibernate Core {4.3.8.Final}
2016-08-31_21:25:40.937 [main] INFO  org.hibernate.cfg.Environment - HHH000206: hibernate.properties not found
2016-08-31_21:25:40.938 [main] INFO  org.hibernate.cfg.Environment - HHH000021: Bytecode provider name : javassist
2016-08-31_21:25:40.950 [main] INFO  org.hibernate.cfg.Configuration - HHH000044: Configuring from URL: file:/home/nikko/dev/workspace/SpringHibernate/target/classes/hib.cfg.xml
2016-08-31_21:25:40.978 [main] INFO  org.hibernate.cfg.Configuration - HHH000041: Configured SessionFactory: null
2016-08-31_21:25:41.302 [main] INFO  org.hibernate.dialect.Dialect - HHH000400: Using dialect: org.hibernate.dialect.MySQLDialect
2016-08-31_21:25:41.401 [main] INFO  o.h.e.t.i.TransactionFactoryInitiator - HHH000399: Using default transaction strategy (direct JDBC transactions)
2016-08-31_21:25:41.404 [main] INFO  o.h.h.i.a.ASTQueryTranslatorFactory - HHH000397: Using ASTQueryTranslatorFactory
2016-08-31_21:25:41.611 [main] INFO  o.h.tool.hbm2ddl.SchemaUpdate - HHH000228: Running hbm2ddl schema update
2016-08-31_21:25:41.611 [main] INFO  o.h.tool.hbm2ddl.SchemaUpdate - HHH000102: Fetching database metadata
2016-08-31_21:25:41.612 [main] INFO  o.h.tool.hbm2ddl.SchemaUpdate - HHH000396: Updating schema
2016-08-31_21:25:41.624 [main] INFO  o.h.tool.hbm2ddl.TableMetadata - HHH000261: Table found: bdd_hibernate.compte
2016-08-31_21:25:41.624 [main] INFO  o.h.tool.hbm2ddl.TableMetadata - HHH000037: Columns: [numero, libelle, id_personne]
2016-08-31_21:25:41.624 [main] INFO  o.h.tool.hbm2ddl.TableMetadata - HHH000108: Foreign keys: [fk_gubjy829xkx7rsx8vxcexpbwj]
2016-08-31_21:25:41.625 [main] INFO  o.h.tool.hbm2ddl.TableMetadata - HHH000126: Indexes: [fk_gubjy829xkx7rsx8vxcexpbwj, primary]
2016-08-31_21:25:41.628 [main] INFO  o.h.tool.hbm2ddl.TableMetadata - HHH000261: Table found: bdd_hibernate.personne
2016-08-31_21:25:41.628 [main] INFO  o.h.tool.hbm2ddl.TableMetadata - HHH000037: Columns: [naissance, adresse, id, nom, prenom]
2016-08-31_21:25:41.628 [main] INFO  o.h.tool.hbm2ddl.TableMetadata - HHH000108: Foreign keys: []
2016-08-31_21:25:41.628 [main] INFO  o.h.tool.hbm2ddl.TableMetadata - HHH000126: Indexes: [primary]
2016-08-31_21:25:41.629 [main] INFO  o.h.tool.hbm2ddl.SchemaUpdate - HHH000232: Schema update complete
2016-08-31_21:25:41.657 [main] INFO  o.s.o.h.HibernateTransactionManager - Using DataSource [org.apache.commons.dbcp2.BasicDataSource@5fcacc0] of Hibernate SessionFactory for HibernateTransactionManager
2016-08-31_21:27:20.752 [main] INFO  o.s.c.s.ClassPathXmlApplicationContext - Refreshing org.springframework.context.support.ClassPathXmlApplicationContext@15975490: startup date [Wed Aug 31 21:27:20 CEST 2016]; root of context hierarchy
2016-08-31_21:27:20.780 [main] INFO  o.s.b.f.xml.XmlBeanDefinitionReader - Loading XML bean definitions from class path resource [spring.xml]
2016-08-31_21:27:20.853 [main] INFO  o.s.b.f.xml.XmlBeanDefinitionReader - Loading XML bean definitions from class path resource [springData.xml]
2016-08-31_21:27:21.158 [main] INFO  o.h.annotations.common.Version - HCANN000001: Hibernate Commons Annotations {4.0.5.Final}
2016-08-31_21:27:21.163 [main] INFO  org.hibernate.Version - HHH000412: Hibernate Core {4.3.8.Final}
2016-08-31_21:27:21.164 [main] INFO  org.hibernate.cfg.Environment - HHH000206: hibernate.properties not found
2016-08-31_21:27:21.165 [main] INFO  org.hibernate.cfg.Environment - HHH000021: Bytecode provider name : javassist
2016-08-31_21:27:21.176 [main] INFO  org.hibernate.cfg.Configuration - HHH000044: Configuring from URL: file:/home/nikko/dev/workspace/SpringHibernate/target/classes/hib.cfg.xml
2016-08-31_21:27:21.202 [main] INFO  org.hibernate.cfg.Configuration - HHH000041: Configured SessionFactory: null
2016-08-31_21:27:21.511 [main] INFO  org.hibernate.dialect.Dialect - HHH000400: Using dialect: org.hibernate.dialect.MySQLDialect
2016-08-31_21:27:21.654 [main] INFO  o.h.e.t.i.TransactionFactoryInitiator - HHH000399: Using default transaction strategy (direct JDBC transactions)
2016-08-31_21:27:21.656 [main] INFO  o.h.h.i.a.ASTQueryTranslatorFactory - HHH000397: Using ASTQueryTranslatorFactory
2016-08-31_21:27:21.828 [main] INFO  o.h.tool.hbm2ddl.SchemaUpdate - HHH000228: Running hbm2ddl schema update
2016-08-31_21:27:21.828 [main] INFO  o.h.tool.hbm2ddl.SchemaUpdate - HHH000102: Fetching database metadata
2016-08-31_21:27:21.830 [main] INFO  o.h.tool.hbm2ddl.SchemaUpdate - HHH000396: Updating schema
2016-08-31_21:27:21.845 [main] INFO  o.h.tool.hbm2ddl.TableMetadata - HHH000261: Table found: bdd_hibernate.compte
2016-08-31_21:27:21.846 [main] INFO  o.h.tool.hbm2ddl.TableMetadata - HHH000037: Columns: [numero, libelle, id_personne]
2016-08-31_21:27:21.846 [main] INFO  o.h.tool.hbm2ddl.TableMetadata - HHH000108: Foreign keys: [fk_gubjy829xkx7rsx8vxcexpbwj]
2016-08-31_21:27:21.847 [main] INFO  o.h.tool.hbm2ddl.TableMetadata - HHH000126: Indexes: [fk_gubjy829xkx7rsx8vxcexpbwj, primary]
2016-08-31_21:27:21.851 [main] INFO  o.h.tool.hbm2ddl.TableMetadata - HHH000261: Table found: bdd_hibernate.personne
2016-08-31_21:27:21.852 [main] INFO  o.h.tool.hbm2ddl.TableMetadata - HHH000037: Columns: [naissance, adresse, id, nom, prenom]
2016-08-31_21:27:21.852 [main] INFO  o.h.tool.hbm2ddl.TableMetadata - HHH000108: Foreign keys: []
2016-08-31_21:27:21.852 [main] INFO  o.h.tool.hbm2ddl.TableMetadata - HHH000126: Indexes: [primary]
2016-08-31_21:27:21.853 [main] INFO  o.h.tool.hbm2ddl.SchemaUpdate - HHH000232: Schema update complete
2016-08-31_21:27:21.910 [main] INFO  o.s.o.h.HibernateTransactionManager - Using DataSource [org.apache.commons.dbcp2.BasicDataSource@1c32886a] of Hibernate SessionFactory for HibernateTransactionManager
2016-08-31_21:27:43.596 [main] INFO  o.s.c.s.ClassPathXmlApplicationContext - Refreshing org.springframework.context.support.ClassPathXmlApplicationContext@15975490: startup date [Wed Aug 31 21:27:43 CEST 2016]; root of context hierarchy
2016-08-31_21:27:43.623 [main] INFO  o.s.b.f.xml.XmlBeanDefinitionReader - Loading XML bean definitions from class path resource [spring.xml]
2016-08-31_21:27:43.692 [main] INFO  o.s.b.f.xml.XmlBeanDefinitionReader - Loading XML bean definitions from class path resource [springData.xml]
2016-08-31_21:27:44.008 [main] INFO  o.h.annotations.common.Version - HCANN000001: Hibernate Commons Annotations {4.0.5.Final}
2016-08-31_21:27:44.012 [main] INFO  org.hibernate.Version - HHH000412: Hibernate Core {4.3.8.Final}
2016-08-31_21:27:44.013 [main] INFO  org.hibernate.cfg.Environment - HHH000206: hibernate.properties not found
2016-08-31_21:27:44.014 [main] INFO  org.hibernate.cfg.Environment - HHH000021: Bytecode provider name : javassist
2016-08-31_21:27:44.026 [main] INFO  org.hibernate.cfg.Configuration - HHH000044: Configuring from URL: file:/home/nikko/dev/workspace/SpringHibernate/target/classes/hib.cfg.xml
2016-08-31_21:27:44.051 [main] INFO  org.hibernate.cfg.Configuration - HHH000041: Configured SessionFactory: null
2016-08-31_21:27:44.351 [main] INFO  org.hibernate.dialect.Dialect - HHH000400: Using dialect: org.hibernate.dialect.MySQLDialect
2016-08-31_21:27:44.485 [main] INFO  o.h.e.t.i.TransactionFactoryInitiator - HHH000399: Using default transaction strategy (direct JDBC transactions)
2016-08-31_21:27:44.488 [main] INFO  o.h.h.i.a.ASTQueryTranslatorFactory - HHH000397: Using ASTQueryTranslatorFactory
2016-08-31_21:27:44.668 [main] INFO  o.h.tool.hbm2ddl.SchemaUpdate - HHH000228: Running hbm2ddl schema update
2016-08-31_21:27:44.669 [main] INFO  o.h.tool.hbm2ddl.SchemaUpdate - HHH000102: Fetching database metadata
2016-08-31_21:27:44.670 [main] INFO  o.h.tool.hbm2ddl.SchemaUpdate - HHH000396: Updating schema
2016-08-31_21:27:44.688 [main] INFO  o.h.tool.hbm2ddl.TableMetadata - HHH000261: Table found: bdd_hibernate.compte
2016-08-31_21:27:44.688 [main] INFO  o.h.tool.hbm2ddl.TableMetadata - HHH000037: Columns: [numero, libelle, id_personne]
2016-08-31_21:27:44.688 [main] INFO  o.h.tool.hbm2ddl.TableMetadata - HHH000108: Foreign keys: [fk_gubjy829xkx7rsx8vxcexpbwj]
2016-08-31_21:27:44.689 [main] INFO  o.h.tool.hbm2ddl.TableMetadata - HHH000126: Indexes: [fk_gubjy829xkx7rsx8vxcexpbwj, primary]
2016-08-31_21:27:44.694 [main] INFO  o.h.tool.hbm2ddl.TableMetadata - HHH000261: Table found: bdd_hibernate.personne
2016-08-31_21:27:44.694 [main] INFO  o.h.tool.hbm2ddl.TableMetadata - HHH000037: Columns: [naissance, adresse, id, nom, prenom]
2016-08-31_21:27:44.694 [main] INFO  o.h.tool.hbm2ddl.TableMetadata - HHH000108: Foreign keys: []
2016-08-31_21:27:44.694 [main] INFO  o.h.tool.hbm2ddl.TableMetadata - HHH000126: Indexes: [primary]
2016-08-31_21:27:44.695 [main] INFO  o.h.tool.hbm2ddl.SchemaUpdate - HHH000232: Schema update complete
2016-08-31_21:27:44.739 [main] INFO  o.s.o.h.HibernateTransactionManager - Using DataSource [org.apache.commons.dbcp2.BasicDataSource@5f7f2382] of Hibernate SessionFactory for HibernateTransactionManager
2016-08-31_21:27:44.964 [main] INFO  f.a.a.h.test.SpringHibernateTest - id:3	nom:Storero
